Vivado Simulator 2016.2
Time resolution is 1 ps
WARNING: Too many words specified in data file w_emb_a_init_q7_24_00.mem
WARNING: Too many words specified in data file w_emb_a_init_q7_24_01.mem
WARNING: Too many words specified in data file w_emb_a_init_q7_24_02.mem
WARNING: Too many words specified in data file w_emb_a_init_q7_24_03.mem
WARNING: Too many words specified in data file w_emb_a_init_q7_24_04.mem
WARNING: Too many words specified in data file w_emb_a_init_q7_24_05.mem
WARNING: Too many words specified in data file w_emb_a_init_q7_24_06.mem
WARNING: Too many words specified in data file w_emb_a_init_q7_24_07.mem
WARNING: Too many words specified in data file w_emb_a_init_q7_24_08.mem
WARNING: Too many words specified in data file w_emb_a_init_q7_24_09.mem
WARNING: Too many words specified in data file w_emb_a_init_q7_24_10.mem
WARNING: Too many words specified in data file w_emb_a_init_q7_24_11.mem
WARNING: Too many words specified in data file w_emb_a_init_q7_24_12.mem
WARNING: Too many words specified in data file w_emb_a_init_q7_24_13.mem
WARNING: Too many words specified in data file w_emb_a_init_q7_24_14.mem
WARNING: Too many words specified in data file w_emb_a_init_q7_24_15.mem
WARNING: Too many words specified in data file w_emb_a_init_q7_24_16.mem
WARNING: Too many words specified in data file w_emb_a_init_q7_24_17.mem
WARNING: Too many words specified in data file w_emb_a_init_q7_24_18.mem
WARNING: Too many words specified in data file w_emb_a_init_q7_24_19.mem
WARNING: Too many words specified in data file w_emb_a_init_q7_24_20.mem
WARNING: Too many words specified in data file w_emb_a_init_q7_24_21.mem
WARNING: Too many words specified in data file w_emb_a_init_q7_24_22.mem
WARNING: Too many words specified in data file w_emb_a_init_q7_24_23.mem
WARNING: Too many words specified in data file w_emb_a_init_q7_24_24.mem
WARNING: Too many words specified in data file w_emb_a_init_q7_24_25.mem
WARNING: Too many words specified in data file w_emb_a_init_q7_24_26.mem
WARNING: Too many words specified in data file w_emb_a_init_q7_24_27.mem
WARNING: Too many words specified in data file w_emb_a_init_q7_24_28.mem
WARNING: Too many words specified in data file w_emb_a_init_q7_24_29.mem
WARNING: Too many words specified in data file w_emb_a_init_q7_24_30.mem
WARNING: Too many words specified in data file w_emb_c_init_q7_24_00.mem
WARNING: Too many words specified in data file w_emb_c_init_q7_24_01.mem
WARNING: Too many words specified in data file w_emb_c_init_q7_24_02.mem
WARNING: Too many words specified in data file w_emb_c_init_q7_24_03.mem
WARNING: Too many words specified in data file w_emb_c_init_q7_24_04.mem
WARNING: Too many words specified in data file w_emb_c_init_q7_24_05.mem
WARNING: Too many words specified in data file w_emb_c_init_q7_24_06.mem
WARNING: Too many words specified in data file w_emb_c_init_q7_24_07.mem
WARNING: Too many words specified in data file w_emb_c_init_q7_24_08.mem
WARNING: Too many words specified in data file w_emb_c_init_q7_24_09.mem
WARNING: Too many words specified in data file w_emb_c_init_q7_24_10.mem
WARNING: Too many words specified in data file w_emb_c_init_q7_24_11.mem
WARNING: Too many words specified in data file w_emb_c_init_q7_24_12.mem
WARNING: Too many words specified in data file w_emb_c_init_q7_24_13.mem
WARNING: Too many words specified in data file w_emb_c_init_q7_24_14.mem
WARNING: Too many words specified in data file w_emb_c_init_q7_24_15.mem
WARNING: Too many words specified in data file w_emb_c_init_q7_24_16.mem
WARNING: Too many words specified in data file w_emb_c_init_q7_24_17.mem
WARNING: Too many words specified in data file w_emb_c_init_q7_24_18.mem
WARNING: Too many words specified in data file w_emb_c_init_q7_24_19.mem
WARNING: Too many words specified in data file w_emb_c_init_q7_24_20.mem
WARNING: Too many words specified in data file w_emb_c_init_q7_24_21.mem
WARNING: Too many words specified in data file w_emb_c_init_q7_24_22.mem
WARNING: Too many words specified in data file w_emb_c_init_q7_24_23.mem
WARNING: Too many words specified in data file w_emb_c_init_q7_24_24.mem
WARNING: Too many words specified in data file w_emb_c_init_q7_24_25.mem
WARNING: Too many words specified in data file w_emb_c_init_q7_24_26.mem
WARNING: Too many words specified in data file w_emb_c_init_q7_24_27.mem
WARNING: Too many words specified in data file w_emb_c_init_q7_24_28.mem
WARNING: Too many words specified in data file w_emb_c_init_q7_24_29.mem
WARNING: Too many words specified in data file w_emb_c_init_q7_24_30.mem
WARNING: Too many words specified in data file w_emb_q_init_q7_24_00.mem
WARNING: Too many words specified in data file w_emb_q_init_q7_24_01.mem
WARNING: Too many words specified in data file w_emb_q_init_q7_24_02.mem
WARNING: Too many words specified in data file w_emb_q_init_q7_24_03.mem
WARNING: Too many words specified in data file w_emb_q_init_q7_24_04.mem
WARNING: Too many words specified in data file w_emb_q_init_q7_24_05.mem
WARNING: Too many words specified in data file w_emb_q_init_q7_24_06.mem
WARNING: Too many words specified in data file w_emb_q_init_q7_24_07.mem
WARNING: Too many words specified in data file w_emb_q_init_q7_24_08.mem
WARNING: Too many words specified in data file w_emb_q_init_q7_24_09.mem
WARNING: Too many words specified in data file w_emb_q_init_q7_24_10.mem
WARNING: Too many words specified in data file w_emb_q_init_q7_24_11.mem
WARNING: Too many words specified in data file w_emb_q_init_q7_24_12.mem
WARNING: Too many words specified in data file w_emb_q_init_q7_24_13.mem
WARNING: Too many words specified in data file w_emb_q_init_q7_24_14.mem
WARNING: Too many words specified in data file w_emb_q_init_q7_24_15.mem
WARNING: Too many words specified in data file w_emb_q_init_q7_24_16.mem
WARNING: Too many words specified in data file w_emb_q_init_q7_24_17.mem
WARNING: Too many words specified in data file w_emb_q_init_q7_24_18.mem
WARNING: Too many words specified in data file w_emb_q_init_q7_24_19.mem
WARNING: Too many words specified in data file w_emb_q_init_q7_24_20.mem
WARNING: Too many words specified in data file w_emb_q_init_q7_24_21.mem
WARNING: Too many words specified in data file w_emb_q_init_q7_24_22.mem
WARNING: Too many words specified in data file w_emb_q_init_q7_24_23.mem
WARNING: Too many words specified in data file w_emb_q_init_q7_24_24.mem
WARNING: Too many words specified in data file w_emb_q_init_q7_24_25.mem
WARNING: Too many words specified in data file w_emb_q_init_q7_24_26.mem
WARNING: Too many words specified in data file w_emb_q_init_q7_24_27.mem
WARNING: Too many words specified in data file w_emb_q_init_q7_24_28.mem
WARNING: Too many words specified in data file w_emb_q_init_q7_24_29.mem
WARNING: Too many words specified in data file w_emb_q_init_q7_24_30.mem
WARNING: Too many words specified in data file w_fc_w_sm_init_q7_24_00.mem
WARNING: Too many words specified in data file w_fc_w_sm_init_q7_24_01.mem
WARNING: Too many words specified in data file w_fc_w_sm_init_q7_24_02.mem
WARNING: Too many words specified in data file w_fc_w_sm_init_q7_24_03.mem
WARNING: Too many words specified in data file w_fc_w_sm_init_q7_24_04.mem
WARNING: Too many words specified in data file w_fc_w_sm_init_q7_24_05.mem
WARNING: Too many words specified in data file w_fc_w_sm_init_q7_24_06.mem
WARNING: Too many words specified in data file w_fc_w_sm_init_q7_24_07.mem
WARNING: Too many words specified in data file w_fc_w_sm_init_q7_24_08.mem
WARNING: Too many words specified in data file w_fc_w_sm_init_q7_24_09.mem
WARNING: Too many words specified in data file w_fc_w_sm_init_q7_24_10.mem
WARNING: Too many words specified in data file w_fc_w_sm_init_q7_24_11.mem
WARNING: Too many words specified in data file w_fc_w_sm_init_q7_24_12.mem
WARNING: Too many words specified in data file w_fc_w_sm_init_q7_24_13.mem
WARNING: Too many words specified in data file w_fc_w_sm_init_q7_24_14.mem
WARNING: Too many words specified in data file w_fc_w_sm_init_q7_24_15.mem
WARNING: Too many words specified in data file w_fc_w_sm_init_q7_24_16.mem
WARNING: Too many words specified in data file w_fc_w_sm_init_q7_24_17.mem
WARNING: Too many words specified in data file w_fc_w_sm_init_q7_24_18.mem
